<?xml version="1.0" encoding="UTF-8"?>
<testsuite xmlns:xsi="http://www.w3.org/2001/XMLSchema-instance" xsi:noNamespaceSchemaLocation="https://maven.apache.org/surefire/maven-surefire-plugin/xsd/surefire-test-report-3.0.xsd" version="3.0" name="com.example.chatserver.repositories.ChatRoomRepositoryTest" time="2.42" tests="3" errors="0" skipped="0" failures="0">
  <properties>
[...]
</properties>
  <testcase name="testSaveChatRoom" classname="com.example.chatserver.repositories.ChatRoomRepositoryTest" time="0.423">
    <system-out><![CDATA[2024-11-28T23:02:24.890-08:00  INFO 31828 --- [           main] t.c.s.AnnotationConfigContextLoaderUtils : Could not detect default configuration classes for test class [com.example.chatserver.repositories.ChatRoomRepositoryTest]: ChatRoomRepositoryTest does not declare any static, non-private, non-final, nested classes annotated with @Configuration.
2024-11-28T23:02:24.910-08:00  INFO 31828 --- [           main] .b.t.c.SpringBootTestContextBootstrapper : Found @SpringBootConfiguration com.example.chatserver.ChatServerApplication for test class com.example.chatserver.repositories.ChatRoomRepositoryTest

  .   ____          _            __ _ _
 /\\ / ___'_ __ _ _(_)_ __  __ _ \ \ \ \
( ( )\___ | '_ | '_| | '_ \/ _` | \ \ \ \
 \\/  ___)| |_)| | | | | || (_| |  ) ) ) )
  '  |____| .__|_| |_|_| |_\__, | / / / /
 =========|_|==============|___/=/_/_/_/

 :: Spring Boot ::                (v3.4.0)

2024-11-28T23:02:24.938-08:00  INFO 31828 --- [           main] c.e.c.r.ChatRoomRepositoryTest           : Starting ChatRoomRepositoryTest using Java 21.0.5 with PID 31828 (started by Scarlet in D:\codes\JAVA\5100_Application_Engineer_and_Development\Secure-Chat-Application-Service\chatserver)
2024-11-28T23:02:24.938-08:00  INFO 31828 --- [           main] c.e.c.r.ChatRoomRepositoryTest           : No active profile set, falling back to 1 default profile: "default"
2024-11-28T23:02:25.130-08:00  INFO 31828 --- [           main] .s.d.r.c.RepositoryConfigurationDelegate : Bootstrapping Spring Data MongoDB repositories in DEFAULT mode.
2024-11-28T23:02:25.246-08:00  INFO 31828 --- [           main] .s.d.r.c.RepositoryConfigurationDelegate : Finished Spring Data repository scanning in 96 ms. Found 3 MongoDB repository interfaces.
2024-11-28T23:02:25.594-08:00  INFO 31828 --- [c70.mongodb.net] org.mongodb.driver.cluster               : Adding discovered server securechatservice-shard-00-02.bic70.mongodb.net:27017 to client view of cluster
2024-11-28T23:02:25.616-08:00  INFO 31828 --- [           main] org.mongodb.driver.client                : MongoClient with metadata {"application": {"name": "SecureChatService"}, "driver": {"name": "mongo-java-driver|sync|spring-boot", "version": "5.2.0"}, "os": {"type": "Windows", "name": "Windows 11", "architecture": "amd64", "version": "10.0"}, "platform": "Java/Oracle Corporation/21.0.5+9-LTS-239"} created with settings MongoClientSettings{readPreference=primary, writeConcern=WriteConcern{w=majority, wTimeout=null ms, journal=null}, retryWrites=true, retryReads=true, readConcern=ReadConcern{level=null}, credential=MongoCredential{mechanism=null, userName='scarlet15156', source='admin', password=<hidden>, mechanismProperties=<hidden>}, transportSettings=null, commandListeners=[], codecRegistry=ProvidersCodecRegistry{codecProviders=[ValueCodecProvider{}, BsonValueCodecProvider{}, DBRefCodecProvider{}, DBObjectCodecProvider{}, DocumentCodecProvider{}, CollectionCodecProvider{}, IterableCodecProvider{}, MapCodecProvider{}, GeoJsonCodecProvider{}, GridFSFileCodecProvider{}, Jsr310CodecProvider{}, JsonObjectCodecProvider{}, BsonCodecProvider{}, EnumCodecProvider{}, com.mongodb.client.model.mql.ExpressionCodecProvider@5ab3f611, com.mongodb.Jep395RecordCodecProvider@33425171, com.mongodb.KotlinCodecProvider@44aa5585]}, loggerSettings=LoggerSettings{maxDocumentLength=1000}, clusterSettings={hosts=[127.0.0.1:27017], srvHost=securechatservice.bic70.mongodb.net, srvServiceName=mongodb, mode=MULTIPLE, requiredClusterType=REPLICA_SET, requiredReplicaSetName='atlas-1u2l54-shard-0', serverSelector='null', clusterListeners='[]', serverSelectionTimeout='30000 ms', localThreshold='15 ms'}, socketSettings=SocketSettings{connectTimeoutMS=10000, readTimeoutMS=0, receiveBufferSize=0, proxySettings=ProxySettings{host=null, port=null, username=null, password=null}}, heartbeatSocketSettings=SocketSettings{connectTimeoutMS=10000, readTimeoutMS=10000, receiveBufferSize=0, proxySettings=ProxySettings{host=null, port=null, username=null, password=null}}, connectionPoolSettings=ConnectionPoolSettings{maxSize=100, minSize=0, maxWaitTimeMS=120000, maxConnectionLifeTimeMS=0, maxConnectionIdleTimeMS=0, maintenanceInitialDelayMS=0, maintenanceFrequencyMS=60000, connectionPoolListeners=[], maxConnecting=2}, serverSettings=ServerSettings{heartbeatFrequencyMS=10000, minHeartbeatFrequencyMS=500, serverMonitoringMode=AUTO, serverListeners='[]', serverMonitorListeners='[]'}, sslSettings=SslSettings{enabled=true, invalidHostNameAllowed=false, context=null}, applicationName='SecureChatService', compressorList=[], uuidRepresentation=JAVA_LEGACY, serverApi=null, autoEncryptionSettings=null, dnsClient=null, inetAddressResolver=null, contextProvider=null, timeoutMS=null}
2024-11-28T23:02:25.657-08:00  INFO 31828 --- [c70.mongodb.net] org.mongodb.driver.cluster               : Adding discovered server securechatservice-shard-00-00.bic70.mongodb.net:27017 to client view of cluster
2024-11-28T23:02:25.660-08:00  INFO 31828 --- [c70.mongodb.net] org.mongodb.driver.cluster               : Adding discovered server securechatservice-shard-00-01.bic70.mongodb.net:27017 to client view of cluster
2024-11-28T23:02:26.602-08:00  INFO 31828 --- [ngodb.net:27017] org.mongodb.driver.cluster               : Monitor thread successfully connected to server with description ServerDescription{address=securechatservice-shard-00-01.bic70.mongodb.net:27017, type=REPLICA_SET_SECONDARY, cryptd=false, state=CONNECTED, ok=true, minWireVersion=0, maxWireVersion=25, maxDocumentSize=16777216, logicalSessionTimeoutMinutes=30, roundTripTimeNanos=463271300, minRoundTripTimeNanos=0, setName='atlas-1u2l54-shard-0', canonicalAddress=securechatservice-shard-00-01.bic70.mongodb.net:27017, hosts=[securechatservice-shard-00-02.bic70.mongodb.net:27017, securechatservice-shard-00-00.bic70.mongodb.net:27017, securechatservice-shard-00-01.bic70.mongodb.net:27017], passives=[], arbiters=[], primary='securechatservice-shard-00-02.bic70.mongodb.net:27017', tagSet=TagSet{[Tag{name='availabilityZone', value='usw2-az2'}, Tag{name='diskState', value='READY'}, Tag{name='nodeType', value='ELECTABLE'}, Tag{name='provider', value='AWS'}, Tag{name='region', value='US_WEST_2'}, Tag{name='workloadType', value='OPERATIONAL'}]}, electionId=null, setVersion=10, topologyVersion=TopologyVersion{processId=6746409a887d3ceda5925e43, counter=3}, lastWriteDate=Thu Nov 28 23:02:26 PST 2024, lastUpdateTimeNanos=75205784823500}
2024-11-28T23:02:26.602-08:00  INFO 31828 --- [ngodb.net:27017] org.mongodb.driver.cluster               : Monitor thread successfully connected to server with description ServerDescription{address=securechatservice-shard-00-00.bic70.mongodb.net:27017, type=REPLICA_SET_SECONDARY, cryptd=false, state=CONNECTED, ok=true, minWireVersion=0, maxWireVersion=25, maxDocumentSize=16777216, logicalSessionTimeoutMinutes=30, roundTripTimeNanos=460342700, minRoundTripTimeNanos=0, setName='atlas-1u2l54-shard-0', canonicalAddress=securechatservice-shard-00-00.bic70.mongodb.net:27017, hosts=[securechatservice-shard-00-02.bic70.mongodb.net:27017, securechatservice-shard-00-00.bic70.mongodb.net:27017, securechatservice-shard-00-01.bic70.mongodb.net:27017], passives=[], arbiters=[], primary='securechatservice-shard-00-02.bic70.mongodb.net:27017', tagSet=TagSet{[Tag{name='availabilityZone', value='usw2-az1'}, Tag{name='diskState', value='READY'}, Tag{name='nodeType', value='ELECTABLE'}, Tag{name='provider', value='AWS'}, Tag{name='region', value='US_WEST_2'}, Tag{name='workloadType', value='OPERATIONAL'}]}, electionId=null, setVersion=10, topologyVersion=TopologyVersion{processId=67463cac9f00b4f0cad6b01f, counter=4}, lastWriteDate=Thu Nov 28 23:02:26 PST 2024, lastUpdateTimeNanos=75205784822000}
2024-11-28T23:02:26.602-08:00  INFO 31828 --- [ngodb.net:27017] org.mongodb.driver.cluster               : Monitor thread successfully connected to server with description ServerDescription{address=securechatservice-shard-00-02.bic70.mongodb.net:27017, type=REPLICA_SET_PRIMARY, cryptd=false, state=CONNECTED, ok=true, minWireVersion=0, maxWireVersion=25, maxDocumentSize=16777216, logicalSessionTimeoutMinutes=30, roundTripTimeNanos=460342300, minRoundTripTimeNanos=0, setName='atlas-1u2l54-shard-0', canonicalAddress=securechatservice-shard-00-02.bic70.mongodb.net:27017, hosts=[securechatservice-shard-00-02.bic70.mongodb.net:27017, securechatservice-shard-00-00.bic70.mongodb.net:27017, securechatservice-shard-00-01.bic70.mongodb.net:27017], passives=[], arbiters=[], primary='securechatservice-shard-00-02.bic70.mongodb.net:27017', tagSet=TagSet{[Tag{name='availabilityZone', value='usw2-az3'}, Tag{name='diskState', value='READY'}, Tag{name='nodeType', value='ELECTABLE'}, Tag{name='provider', value='AWS'}, Tag{name='region', value='US_WEST_2'}, Tag{name='workloadType', value='OPERATIONAL'}]}, electionId=7fffffff0000000000000020, setVersion=10, topologyVersion=TopologyVersion{processId=67463eabae1cef8159dcf3ff, counter=6}, lastWriteDate=Thu Nov 28 23:02:26 PST 2024, lastUpdateTimeNanos=75205784821900}
2024-11-28T23:02:26.612-08:00  INFO 31828 --- [ngodb.net:27017] org.mongodb.driver.cluster               : Discovered replica set primary securechatservice-shard-00-02.bic70.mongodb.net:27017 with max election id 7fffffff0000000000000020 and max set version 10
2024-11-28T23:02:26.682-08:00  INFO 31828 --- [           main] c.e.c.r.ChatRoomRepositoryTest           : Started ChatRoomRepositoryTest in 1.77 seconds (process running for 8.055)
]]></system-out>
  </testcase>
  <testcase name="testDeleteChatRoom" classname="com.example.chatserver.repositories.ChatRoomRepositoryTest" time="0.132"/>
  <testcase name="testFindByChatRoomId" classname="com.example.chatserver.repositories.ChatRoomRepositoryTest" time="0.065"/>
</testsuite>